generatedItemsets : [[]]
generateditemID : []
generatedtimeID : []
sizeGenerated : 0
core_i : 0
------------------------parametre de MakeClosure-----------------------------
newTransactionList : [0,1,]
qSets : []
generatedItemsets[nbitemset] : []
freq : 0
--------------------------------------------
qSets : [0,1,]


generatedItemsets : [[0,1,]]
generateditemID : [[0,1,2,]]
generatedtimeID : [[1,2,]]
sizeGenerated : 1
core_i : 0
------------------------parametre de MakeClosure-----------------------------
newTransactionList : [0,]
qSets : []
generatedItemsets[nbitemset] : [0,1,]
freq : 2
--------------------------------------------
qSets : [0,1,2,]


generatedItemsets : [[0,1,2,]]
generateditemID : [[0,1,2,]]
generatedtimeID : [[1,2,3,]]
sizeGenerated : 1
core_i : 2
0 1 0 1 currentObjectsets : 0 1 
correctObjectsets : 0 1 
currentObjectsets : 0 1 
correctObjectsets : 0 1 
startConvoy : 
startConvoyIndex : 
endConvoyIndex : 
numOverlapTimePoint end : 0
valid : 0
0 0 currentObjectsets : 0 1 
correctObjectsets : 0 1 
currentObjectsets : 0 1 
correctObjectsets : 0 1 
currentObjectsets : 0 
correctObjectsets : 0 1 
startConvoy : 
startConvoyIndex : 
endConvoyIndex : 
numOverlapTimePoint end : 0
valid : 0
